Connecting to database specified by database.yml
Unable to load user, underlying cause No such file to load -- user 

 /Library/Ruby/Gems/1.8/gems/activesupport-3.2.13/lib/active_support/dependencies.rb:317:in `depend_on'
/Library/Ruby/Gems/1.8/gems/activesupport-3.2.13/lib/active_support/dependencies.rb:225:in `require_dependency'
/Library/Ruby/Gems/1.8/gems/activerecord-3.2.13/lib/active_record/fixtures.rb:767:in `try_to_load_dependency'
/Library/Ruby/Gems/1.8/gems/activerecord-3.2.13/lib/active_record/fixtures.rb:782:in `require_fixture_classes'
/Library/Ruby/Gems/1.8/gems/activerecord-3.2.13/lib/active_record/fixtures.rb:779:in `each'
/Library/Ruby/Gems/1.8/gems/activerecord-3.2.13/lib/active_record/fixtures.rb:779:in `require_fixture_classes'
/Library/Ruby/Gems/1.8/gems/activerecord-3.2.13/lib/active_record/fixtures.rb:762:in `fixtures'
./test/test_helper.rb:10
/Users/minhphuc/Downloads/Developer/github/RORR/ror/railsdoc/test/unit/helpers/top_helper_test.rb:1:in `require'
/Users/minhphuc/Downloads/Developer/github/RORR/ror/railsdoc/test/unit/helpers/top_helper_test.rb:1
/Library/Ruby/Gems/1.8/gems/rake-10.0.4/lib/rake/rake_test_loader.rb:10:in `require'
/Library/Ruby/Gems/1.8/gems/rake-10.0.4/lib/rake/rake_test_loader.rb:10
/Library/Ruby/Gems/1.8/gems/rake-10.0.4/lib/rake/rake_test_loader.rb:9:in `each'
/Library/Ruby/Gems/1.8/gems/rake-10.0.4/lib/rake/rake_test_loader.rb:9
/Library/Ruby/Gems/1.8/gems/rake-10.0.4/lib/rake/rake_test_loader.rb:4:in `select'
/Library/Ruby/Gems/1.8/gems/rake-10.0.4/lib/rake/rake_test_loader.rb:4
Connecting to database specified by database.yml
Unable to load user, underlying cause No such file to load -- user 

 /Library/Ruby/Gems/1.8/gems/activesupport-3.2.13/lib/active_support/dependencies.rb:317:in `depend_on'
/Library/Ruby/Gems/1.8/gems/activesupport-3.2.13/lib/active_support/dependencies.rb:225:in `require_dependency'
/Library/Ruby/Gems/1.8/gems/activerecord-3.2.13/lib/active_record/fixtures.rb:767:in `try_to_load_dependency'
/Library/Ruby/Gems/1.8/gems/activerecord-3.2.13/lib/active_record/fixtures.rb:782:in `require_fixture_classes'
/Library/Ruby/Gems/1.8/gems/activerecord-3.2.13/lib/active_record/fixtures.rb:779:in `each'
/Library/Ruby/Gems/1.8/gems/activerecord-3.2.13/lib/active_record/fixtures.rb:779:in `require_fixture_classes'
/Library/Ruby/Gems/1.8/gems/activerecord-3.2.13/lib/active_record/fixtures.rb:762:in `fixtures'
./test/test_helper.rb:10
/Users/minhphuc/Downloads/Developer/github/RORR/ror/railsdoc/test/functional/top_controller_test.rb:1:in `require'
/Users/minhphuc/Downloads/Developer/github/RORR/ror/railsdoc/test/functional/top_controller_test.rb:1
/Library/Ruby/Gems/1.8/gems/rake-10.0.4/lib/rake/rake_test_loader.rb:10:in `require'
/Library/Ruby/Gems/1.8/gems/rake-10.0.4/lib/rake/rake_test_loader.rb:10
/Library/Ruby/Gems/1.8/gems/rake-10.0.4/lib/rake/rake_test_loader.rb:9:in `each'
/Library/Ruby/Gems/1.8/gems/rake-10.0.4/lib/rake/rake_test_loader.rb:9
/Library/Ruby/Gems/1.8/gems/rake-10.0.4/lib/rake/rake_test_loader.rb:4:in `select'
/Library/Ruby/Gems/1.8/gems/rake-10.0.4/lib/rake/rake_test_loader.rb:4
  [1m[36m (0.1ms)[0m  [1mbegin transaction[0m
  [1m[35mFixture Delete (0.3ms)[0m  DELETE FROM "users"
SQLite3::SQLException: no such table: users: DELETE FROM "users"
  [1m[36m (0.1ms)[0m  [1mrollback transaction[0m
Connecting to database specified by database.yml
Unable to load user, underlying cause No such file to load -- user 

 /Library/Ruby/Gems/1.8/gems/activesupport-3.2.13/lib/active_support/dependencies.rb:317:in `depend_on'
/Library/Ruby/Gems/1.8/gems/activesupport-3.2.13/lib/active_support/dependencies.rb:225:in `require_dependency'
/Library/Ruby/Gems/1.8/gems/activerecord-3.2.13/lib/active_record/fixtures.rb:767:in `try_to_load_dependency'
/Library/Ruby/Gems/1.8/gems/activerecord-3.2.13/lib/active_record/fixtures.rb:782:in `require_fixture_classes'
/Library/Ruby/Gems/1.8/gems/activerecord-3.2.13/lib/active_record/fixtures.rb:779:in `each'
/Library/Ruby/Gems/1.8/gems/activerecord-3.2.13/lib/active_record/fixtures.rb:779:in `require_fixture_classes'
/Library/Ruby/Gems/1.8/gems/activerecord-3.2.13/lib/active_record/fixtures.rb:762:in `fixtures'
./test/test_helper.rb:10
/Users/minhphuc/Downloads/Developer/github/RORR/ror/railsdoc/test/unit/helpers/top_helper_test.rb:1:in `require'
/Users/minhphuc/Downloads/Developer/github/RORR/ror/railsdoc/test/unit/helpers/top_helper_test.rb:1
/Library/Ruby/Gems/1.8/gems/rake-10.0.4/lib/rake/rake_test_loader.rb:10:in `require'
/Library/Ruby/Gems/1.8/gems/rake-10.0.4/lib/rake/rake_test_loader.rb:10
/Library/Ruby/Gems/1.8/gems/rake-10.0.4/lib/rake/rake_test_loader.rb:9:in `each'
/Library/Ruby/Gems/1.8/gems/rake-10.0.4/lib/rake/rake_test_loader.rb:9
/Library/Ruby/Gems/1.8/gems/rake-10.0.4/lib/rake/rake_test_loader.rb:4:in `select'
/Library/Ruby/Gems/1.8/gems/rake-10.0.4/lib/rake/rake_test_loader.rb:4
Connecting to database specified by database.yml
Unable to load user, underlying cause No such file to load -- user 

 /Library/Ruby/Gems/1.8/gems/activesupport-3.2.13/lib/active_support/dependencies.rb:317:in `depend_on'
/Library/Ruby/Gems/1.8/gems/activesupport-3.2.13/lib/active_support/dependencies.rb:225:in `require_dependency'
/Library/Ruby/Gems/1.8/gems/activerecord-3.2.13/lib/active_record/fixtures.rb:767:in `try_to_load_dependency'
/Library/Ruby/Gems/1.8/gems/activerecord-3.2.13/lib/active_record/fixtures.rb:782:in `require_fixture_classes'
/Library/Ruby/Gems/1.8/gems/activerecord-3.2.13/lib/active_record/fixtures.rb:779:in `each'
/Library/Ruby/Gems/1.8/gems/activerecord-3.2.13/lib/active_record/fixtures.rb:779:in `require_fixture_classes'
/Library/Ruby/Gems/1.8/gems/activerecord-3.2.13/lib/active_record/fixtures.rb:762:in `fixtures'
./test/test_helper.rb:10
/Users/minhphuc/Downloads/Developer/github/RORR/ror/railsdoc/test/functional/top_controller_test.rb:1:in `require'
/Users/minhphuc/Downloads/Developer/github/RORR/ror/railsdoc/test/functional/top_controller_test.rb:1
/Library/Ruby/Gems/1.8/gems/rake-10.0.4/lib/rake/rake_test_loader.rb:10:in `require'
/Library/Ruby/Gems/1.8/gems/rake-10.0.4/lib/rake/rake_test_loader.rb:10
/Library/Ruby/Gems/1.8/gems/rake-10.0.4/lib/rake/rake_test_loader.rb:9:in `each'
/Library/Ruby/Gems/1.8/gems/rake-10.0.4/lib/rake/rake_test_loader.rb:9
/Library/Ruby/Gems/1.8/gems/rake-10.0.4/lib/rake/rake_test_loader.rb:4:in `select'
/Library/Ruby/Gems/1.8/gems/rake-10.0.4/lib/rake/rake_test_loader.rb:4
  [1m[36m (0.1ms)[0m  [1mbegin transaction[0m
  [1m[35mFixture Delete (0.8ms)[0m  DELETE FROM "users"
  [1m[36mFixture Insert (0.1ms)[0m  [1mINSERT INTO "users" ("id", "fullname", "confirmpassword", "password", "username") VALUES (1, 'L∆∞∆°ng Ng·ªçc Minh Ph√∫c', '1234567890', '1234567890', 'luong.phuc')[0m
SQLite3::SQLException: table users has no column named confirmpassword: INSERT INTO "users" ("id", "fullname", "confirmpassword", "password", "username") VALUES (1, 'L∆∞∆°ng Ng·ªçc Minh Ph√∫c', '1234567890', '1234567890', 'luong.phuc')
  [1m[35m (1.4ms)[0m  rollback transaction
Connecting to database specified by database.yml
Unable to load user, underlying cause No such file to load -- user 

 /Library/Ruby/Gems/1.8/gems/activesupport-3.2.13/lib/active_support/dependencies.rb:317:in `depend_on'
/Library/Ruby/Gems/1.8/gems/activesupport-3.2.13/lib/active_support/dependencies.rb:225:in `require_dependency'
/Library/Ruby/Gems/1.8/gems/activerecord-3.2.13/lib/active_record/fixtures.rb:767:in `try_to_load_dependency'
/Library/Ruby/Gems/1.8/gems/activerecord-3.2.13/lib/active_record/fixtures.rb:782:in `require_fixture_classes'
/Library/Ruby/Gems/1.8/gems/activerecord-3.2.13/lib/active_record/fixtures.rb:779:in `each'
/Library/Ruby/Gems/1.8/gems/activerecord-3.2.13/lib/active_record/fixtures.rb:779:in `require_fixture_classes'
/Library/Ruby/Gems/1.8/gems/activerecord-3.2.13/lib/active_record/fixtures.rb:762:in `fixtures'
./test/test_helper.rb:10
/Users/minhphuc/Downloads/Developer/github/RORR/ror/railsdoc/test/unit/helpers/top_helper_test.rb:1:in `require'
/Users/minhphuc/Downloads/Developer/github/RORR/ror/railsdoc/test/unit/helpers/top_helper_test.rb:1
/Library/Ruby/Gems/1.8/gems/rake-10.0.4/lib/rake/rake_test_loader.rb:10:in `require'
/Library/Ruby/Gems/1.8/gems/rake-10.0.4/lib/rake/rake_test_loader.rb:10
/Library/Ruby/Gems/1.8/gems/rake-10.0.4/lib/rake/rake_test_loader.rb:9:in `each'
/Library/Ruby/Gems/1.8/gems/rake-10.0.4/lib/rake/rake_test_loader.rb:9
/Library/Ruby/Gems/1.8/gems/rake-10.0.4/lib/rake/rake_test_loader.rb:4:in `select'
/Library/Ruby/Gems/1.8/gems/rake-10.0.4/lib/rake/rake_test_loader.rb:4
Connecting to database specified by database.yml
Unable to load user, underlying cause No such file to load -- user 

 /Library/Ruby/Gems/1.8/gems/activesupport-3.2.13/lib/active_support/dependencies.rb:317:in `depend_on'
/Library/Ruby/Gems/1.8/gems/activesupport-3.2.13/lib/active_support/dependencies.rb:225:in `require_dependency'
/Library/Ruby/Gems/1.8/gems/activerecord-3.2.13/lib/active_record/fixtures.rb:767:in `try_to_load_dependency'
/Library/Ruby/Gems/1.8/gems/activerecord-3.2.13/lib/active_record/fixtures.rb:782:in `require_fixture_classes'
/Library/Ruby/Gems/1.8/gems/activerecord-3.2.13/lib/active_record/fixtures.rb:779:in `each'
/Library/Ruby/Gems/1.8/gems/activerecord-3.2.13/lib/active_record/fixtures.rb:779:in `require_fixture_classes'
/Library/Ruby/Gems/1.8/gems/activerecord-3.2.13/lib/active_record/fixtures.rb:762:in `fixtures'
./test/test_helper.rb:10
/Users/minhphuc/Downloads/Developer/github/RORR/ror/railsdoc/test/functional/top_controller_test.rb:1:in `require'
/Users/minhphuc/Downloads/Developer/github/RORR/ror/railsdoc/test/functional/top_controller_test.rb:1
/Library/Ruby/Gems/1.8/gems/rake-10.0.4/lib/rake/rake_test_loader.rb:10:in `require'
/Library/Ruby/Gems/1.8/gems/rake-10.0.4/lib/rake/rake_test_loader.rb:10
/Library/Ruby/Gems/1.8/gems/rake-10.0.4/lib/rake/rake_test_loader.rb:9:in `each'
/Library/Ruby/Gems/1.8/gems/rake-10.0.4/lib/rake/rake_test_loader.rb:9
/Library/Ruby/Gems/1.8/gems/rake-10.0.4/lib/rake/rake_test_loader.rb:4:in `select'
/Library/Ruby/Gems/1.8/gems/rake-10.0.4/lib/rake/rake_test_loader.rb:4
  [1m[36m (0.1ms)[0m  [1mbegin transaction[0m
  [1m[35mFixture Delete (0.8ms)[0m  DELETE FROM "users"
  [1m[36mFixture Insert (0.1ms)[0m  [1mINSERT INTO "users" ("password", "confirmpassword", "fullname", "id", "username") VALUES ('1234567890', '1234567890', 'L∆∞∆°ng Ng·ªçc Minh Ph√∫c', 1, 'luong.phuc')[0m
SQLite3::SQLException: table users has no column named confirmpassword: INSERT INTO "users" ("password", "confirmpassword", "fullname", "id", "username") VALUES ('1234567890', '1234567890', 'L∆∞∆°ng Ng·ªçc Minh Ph√∫c', 1, 'luong.phuc')
  [1m[35m (1.9ms)[0m  rollback transaction
Connecting to database specified by database.yml
Unable to load user, underlying cause No such file to load -- user 

 /Library/Ruby/Gems/1.8/gems/activesupport-3.2.13/lib/active_support/dependencies.rb:317:in `depend_on'
/Library/Ruby/Gems/1.8/gems/activesupport-3.2.13/lib/active_support/dependencies.rb:225:in `require_dependency'
/Library/Ruby/Gems/1.8/gems/activerecord-3.2.13/lib/active_record/fixtures.rb:767:in `try_to_load_dependency'
/Library/Ruby/Gems/1.8/gems/activerecord-3.2.13/lib/active_record/fixtures.rb:782:in `require_fixture_classes'
/Library/Ruby/Gems/1.8/gems/activerecord-3.2.13/lib/active_record/fixtures.rb:779:in `each'
/Library/Ruby/Gems/1.8/gems/activerecord-3.2.13/lib/active_record/fixtures.rb:779:in `require_fixture_classes'
/Library/Ruby/Gems/1.8/gems/activerecord-3.2.13/lib/active_record/fixtures.rb:762:in `fixtures'
./test/test_helper.rb:10
/Users/minhphuc/Downloads/Developer/github/RORR/ror/railsdoc/test/unit/helpers/top_helper_test.rb:1:in `require'
/Users/minhphuc/Downloads/Developer/github/RORR/ror/railsdoc/test/unit/helpers/top_helper_test.rb:1
/Library/Ruby/Gems/1.8/gems/rake-10.0.4/lib/rake/rake_test_loader.rb:10:in `require'
/Library/Ruby/Gems/1.8/gems/rake-10.0.4/lib/rake/rake_test_loader.rb:10
/Library/Ruby/Gems/1.8/gems/rake-10.0.4/lib/rake/rake_test_loader.rb:9:in `each'
/Library/Ruby/Gems/1.8/gems/rake-10.0.4/lib/rake/rake_test_loader.rb:9
/Library/Ruby/Gems/1.8/gems/rake-10.0.4/lib/rake/rake_test_loader.rb:4:in `select'
/Library/Ruby/Gems/1.8/gems/rake-10.0.4/lib/rake/rake_test_loader.rb:4
Connecting to database specified by database.yml
Unable to load user, underlying cause No such file to load -- user 

 /Library/Ruby/Gems/1.8/gems/activesupport-3.2.13/lib/active_support/dependencies.rb:317:in `depend_on'
/Library/Ruby/Gems/1.8/gems/activesupport-3.2.13/lib/active_support/dependencies.rb:225:in `require_dependency'
/Library/Ruby/Gems/1.8/gems/activerecord-3.2.13/lib/active_record/fixtures.rb:767:in `try_to_load_dependency'
/Library/Ruby/Gems/1.8/gems/activerecord-3.2.13/lib/active_record/fixtures.rb:782:in `require_fixture_classes'
/Library/Ruby/Gems/1.8/gems/activerecord-3.2.13/lib/active_record/fixtures.rb:779:in `each'
/Library/Ruby/Gems/1.8/gems/activerecord-3.2.13/lib/active_record/fixtures.rb:779:in `require_fixture_classes'
/Library/Ruby/Gems/1.8/gems/activerecord-3.2.13/lib/active_record/fixtures.rb:762:in `fixtures'
./test/test_helper.rb:10
/Users/minhphuc/Downloads/Developer/github/RORR/ror/railsdoc/test/functional/top_controller_test.rb:1:in `require'
/Users/minhphuc/Downloads/Developer/github/RORR/ror/railsdoc/test/functional/top_controller_test.rb:1
/Library/Ruby/Gems/1.8/gems/rake-10.0.4/lib/rake/rake_test_loader.rb:10:in `require'
/Library/Ruby/Gems/1.8/gems/rake-10.0.4/lib/rake/rake_test_loader.rb:10
/Library/Ruby/Gems/1.8/gems/rake-10.0.4/lib/rake/rake_test_loader.rb:9:in `each'
/Library/Ruby/Gems/1.8/gems/rake-10.0.4/lib/rake/rake_test_loader.rb:9
/Library/Ruby/Gems/1.8/gems/rake-10.0.4/lib/rake/rake_test_loader.rb:4:in `select'
/Library/Ruby/Gems/1.8/gems/rake-10.0.4/lib/rake/rake_test_loader.rb:4
  [1m[36m (0.1ms)[0m  [1mbegin transaction[0m
  [1m[35mFixture Delete (0.8ms)[0m  DELETE FROM "users"
  [1m[36mFixture Insert (0.1ms)[0m  [1mINSERT INTO "users" ("username", "confirmpassword", "fullname", "id", "password") VALUES ('nguyen.hoang', 'abcdefgh', 'Nguy·ªÖn Minh Ho√†ng', 2, 'abcdefgh')[0m
SQLite3::SQLException: table users has no column named confirmpassword: INSERT INTO "users" ("username", "confirmpassword", "fullname", "id", "password") VALUES ('nguyen.hoang', 'abcdefgh', 'Nguy·ªÖn Minh Ho√†ng', 2, 'abcdefgh')
  [1m[35m (1.4ms)[0m  rollback transaction
Connecting to database specified by database.yml
Unable to load user, underlying cause No such file to load -- user 

 /Library/Ruby/Gems/1.8/gems/activesupport-3.2.13/lib/active_support/dependencies.rb:317:in `depend_on'
/Library/Ruby/Gems/1.8/gems/activesupport-3.2.13/lib/active_support/dependencies.rb:225:in `require_dependency'
/Library/Ruby/Gems/1.8/gems/activerecord-3.2.13/lib/active_record/fixtures.rb:767:in `try_to_load_dependency'
/Library/Ruby/Gems/1.8/gems/activerecord-3.2.13/lib/active_record/fixtures.rb:782:in `require_fixture_classes'
/Library/Ruby/Gems/1.8/gems/activerecord-3.2.13/lib/active_record/fixtures.rb:779:in `each'
/Library/Ruby/Gems/1.8/gems/activerecord-3.2.13/lib/active_record/fixtures.rb:779:in `require_fixture_classes'
/Library/Ruby/Gems/1.8/gems/activerecord-3.2.13/lib/active_record/fixtures.rb:762:in `fixtures'
./test/test_helper.rb:10
/Users/minhphuc/Downloads/Developer/github/RORR/ror/railsdoc/test/unit/helpers/top_helper_test.rb:1:in `require'
/Users/minhphuc/Downloads/Developer/github/RORR/ror/railsdoc/test/unit/helpers/top_helper_test.rb:1
/Library/Ruby/Gems/1.8/gems/rake-10.0.4/lib/rake/rake_test_loader.rb:10:in `require'
/Library/Ruby/Gems/1.8/gems/rake-10.0.4/lib/rake/rake_test_loader.rb:10
/Library/Ruby/Gems/1.8/gems/rake-10.0.4/lib/rake/rake_test_loader.rb:9:in `each'
/Library/Ruby/Gems/1.8/gems/rake-10.0.4/lib/rake/rake_test_loader.rb:9
/Library/Ruby/Gems/1.8/gems/rake-10.0.4/lib/rake/rake_test_loader.rb:4:in `select'
/Library/Ruby/Gems/1.8/gems/rake-10.0.4/lib/rake/rake_test_loader.rb:4
Connecting to database specified by database.yml
Unable to load user, underlying cause No such file to load -- user 

 /Library/Ruby/Gems/1.8/gems/activesupport-3.2.13/lib/active_support/dependencies.rb:317:in `depend_on'
/Library/Ruby/Gems/1.8/gems/activesupport-3.2.13/lib/active_support/dependencies.rb:225:in `require_dependency'
/Library/Ruby/Gems/1.8/gems/activerecord-3.2.13/lib/active_record/fixtures.rb:767:in `try_to_load_dependency'
/Library/Ruby/Gems/1.8/gems/activerecord-3.2.13/lib/active_record/fixtures.rb:782:in `require_fixture_classes'
/Library/Ruby/Gems/1.8/gems/activerecord-3.2.13/lib/active_record/fixtures.rb:779:in `each'
/Library/Ruby/Gems/1.8/gems/activerecord-3.2.13/lib/active_record/fixtures.rb:779:in `require_fixture_classes'
/Library/Ruby/Gems/1.8/gems/activerecord-3.2.13/lib/active_record/fixtures.rb:762:in `fixtures'
./test/test_helper.rb:10
/Users/minhphuc/Downloads/Developer/github/RORR/ror/railsdoc/test/functional/top_controller_test.rb:1:in `require'
/Users/minhphuc/Downloads/Developer/github/RORR/ror/railsdoc/test/functional/top_controller_test.rb:1
/Library/Ruby/Gems/1.8/gems/rake-10.0.4/lib/rake/rake_test_loader.rb:10:in `require'
/Library/Ruby/Gems/1.8/gems/rake-10.0.4/lib/rake/rake_test_loader.rb:10
/Library/Ruby/Gems/1.8/gems/rake-10.0.4/lib/rake/rake_test_loader.rb:9:in `each'
/Library/Ruby/Gems/1.8/gems/rake-10.0.4/lib/rake/rake_test_loader.rb:9
/Library/Ruby/Gems/1.8/gems/rake-10.0.4/lib/rake/rake_test_loader.rb:4:in `select'
/Library/Ruby/Gems/1.8/gems/rake-10.0.4/lib/rake/rake_test_loader.rb:4
  [1m[36m (0.1ms)[0m  [1mbegin transaction[0m
  [1m[35mFixture Delete (0.8ms)[0m  DELETE FROM "users"
  [1m[36mFixture Insert (0.1ms)[0m  [1mINSERT INTO "users" ("confirmpassword", "username", "id", "password", "fullname") VALUES ('abcdefgh', 'nguyen.hoang', 2, 'abcdefgh', 'Nguy·ªÖn Minh Ho√†ng')[0m
SQLite3::SQLException: table users has no column named confirmpassword: INSERT INTO "users" ("confirmpassword", "username", "id", "password", "fullname") VALUES ('abcdefgh', 'nguyen.hoang', 2, 'abcdefgh', 'Nguy·ªÖn Minh Ho√†ng')
  [1m[35m (1.2ms)[0m  rollback transaction
Connecting to database specified by database.yml
Unable to load user, underlying cause No such file to load -- user 

 /Library/Ruby/Gems/1.8/gems/activesupport-3.2.13/lib/active_support/dependencies.rb:317:in `depend_on'
/Library/Ruby/Gems/1.8/gems/activesupport-3.2.13/lib/active_support/dependencies.rb:225:in `require_dependency'
/Library/Ruby/Gems/1.8/gems/activerecord-3.2.13/lib/active_record/fixtures.rb:767:in `try_to_load_dependency'
/Library/Ruby/Gems/1.8/gems/activerecord-3.2.13/lib/active_record/fixtures.rb:782:in `require_fixture_classes'
/Library/Ruby/Gems/1.8/gems/activerecord-3.2.13/lib/active_record/fixtures.rb:779:in `each'
/Library/Ruby/Gems/1.8/gems/activerecord-3.2.13/lib/active_record/fixtures.rb:779:in `require_fixture_classes'
/Library/Ruby/Gems/1.8/gems/activerecord-3.2.13/lib/active_record/fixtures.rb:762:in `fixtures'
./test/test_helper.rb:10
/Users/minhphuc/Downloads/Developer/github/RORR/ror/railsdoc/test/unit/helpers/top_helper_test.rb:1:in `require'
/Users/minhphuc/Downloads/Developer/github/RORR/ror/railsdoc/test/unit/helpers/top_helper_test.rb:1
/Library/Ruby/Gems/1.8/gems/rake-10.0.4/lib/rake/rake_test_loader.rb:10:in `require'
/Library/Ruby/Gems/1.8/gems/rake-10.0.4/lib/rake/rake_test_loader.rb:10
/Library/Ruby/Gems/1.8/gems/rake-10.0.4/lib/rake/rake_test_loader.rb:9:in `each'
/Library/Ruby/Gems/1.8/gems/rake-10.0.4/lib/rake/rake_test_loader.rb:9
/Library/Ruby/Gems/1.8/gems/rake-10.0.4/lib/rake/rake_test_loader.rb:4:in `select'
/Library/Ruby/Gems/1.8/gems/rake-10.0.4/lib/rake/rake_test_loader.rb:4
Connecting to database specified by database.yml
Unable to load user, underlying cause No such file to load -- user 

 /Library/Ruby/Gems/1.8/gems/activesupport-3.2.13/lib/active_support/dependencies.rb:317:in `depend_on'
/Library/Ruby/Gems/1.8/gems/activesupport-3.2.13/lib/active_support/dependencies.rb:225:in `require_dependency'
/Library/Ruby/Gems/1.8/gems/activerecord-3.2.13/lib/active_record/fixtures.rb:767:in `try_to_load_dependency'
/Library/Ruby/Gems/1.8/gems/activerecord-3.2.13/lib/active_record/fixtures.rb:782:in `require_fixture_classes'
/Library/Ruby/Gems/1.8/gems/activerecord-3.2.13/lib/active_record/fixtures.rb:779:in `each'
/Library/Ruby/Gems/1.8/gems/activerecord-3.2.13/lib/active_record/fixtures.rb:779:in `require_fixture_classes'
/Library/Ruby/Gems/1.8/gems/activerecord-3.2.13/lib/active_record/fixtures.rb:762:in `fixtures'
./test/test_helper.rb:10
/Users/minhphuc/Downloads/Developer/github/RORR/ror/railsdoc/test/functional/top_controller_test.rb:1:in `require'
/Users/minhphuc/Downloads/Developer/github/RORR/ror/railsdoc/test/functional/top_controller_test.rb:1
/Library/Ruby/Gems/1.8/gems/rake-10.0.4/lib/rake/rake_test_loader.rb:10:in `require'
/Library/Ruby/Gems/1.8/gems/rake-10.0.4/lib/rake/rake_test_loader.rb:10
/Library/Ruby/Gems/1.8/gems/rake-10.0.4/lib/rake/rake_test_loader.rb:9:in `each'
/Library/Ruby/Gems/1.8/gems/rake-10.0.4/lib/rake/rake_test_loader.rb:9
/Library/Ruby/Gems/1.8/gems/rake-10.0.4/lib/rake/rake_test_loader.rb:4:in `select'
/Library/Ruby/Gems/1.8/gems/rake-10.0.4/lib/rake/rake_test_loader.rb:4
  [1m[36m (0.1ms)[0m  [1mbegin transaction[0m
  [1m[35mFixture Delete (0.7ms)[0m  DELETE FROM "users"
  [1m[36mFixture Insert (0.1ms)[0m  [1mINSERT INTO "users" ("username", "password", "id", "fullname") VALUES ('nguyen.hoang', 'abcdefgh', 2, 'Nguy·ªÖn Minh Ho√†ng')[0m
  [1m[35mFixture Insert (0.0ms)[0m  INSERT INTO "users" ("username", "password", "id", "fullname") VALUES ('luong.phuc', '1234567890', 1, 'L∆∞∆°ng Ng·ªçc Minh Ph√∫c')
  [1m[36m (3.9ms)[0m  [1mcommit transaction[0m
  [1m[35m (0.1ms)[0m  begin transaction
Processing by TopController#index as HTML
  Rendered top/index.html.erb within layouts/application (1.4ms)
  Rendered layouts/_menu.html.erb (0.5ms)
  Rendered layouts/_banner.html.erb (0.2ms)
  Rendered layouts/_footer.html.erb (0.2ms)
Completed 200 OK in 13ms (Views: 12.6ms | ActiveRecord: 0.0ms)
  [1m[36m (0.1ms)[0m  [1mrollback transaction[0m
Connecting to database specified by database.yml
Unable to load user, underlying cause No such file to load -- user 

 /Library/Ruby/Gems/1.8/gems/activesupport-3.2.13/lib/active_support/dependencies.rb:317:in `depend_on'
/Library/Ruby/Gems/1.8/gems/activesupport-3.2.13/lib/active_support/dependencies.rb:225:in `require_dependency'
/Library/Ruby/Gems/1.8/gems/activerecord-3.2.13/lib/active_record/fixtures.rb:767:in `try_to_load_dependency'
/Library/Ruby/Gems/1.8/gems/activerecord-3.2.13/lib/active_record/fixtures.rb:782:in `require_fixture_classes'
/Library/Ruby/Gems/1.8/gems/activerecord-3.2.13/lib/active_record/fixtures.rb:779:in `each'
/Library/Ruby/Gems/1.8/gems/activerecord-3.2.13/lib/active_record/fixtures.rb:779:in `require_fixture_classes'
/Library/Ruby/Gems/1.8/gems/activerecord-3.2.13/lib/active_record/fixtures.rb:762:in `fixtures'
./test/test_helper.rb:10
/Users/minhphuc/Downloads/Developer/github/RORR/ror/railsdoc/test/unit/helpers/top_helper_test.rb:1:in `require'
/Users/minhphuc/Downloads/Developer/github/RORR/ror/railsdoc/test/unit/helpers/top_helper_test.rb:1
/Library/Ruby/Gems/1.8/gems/rake-10.0.4/lib/rake/rake_test_loader.rb:10:in `require'
/Library/Ruby/Gems/1.8/gems/rake-10.0.4/lib/rake/rake_test_loader.rb:10
/Library/Ruby/Gems/1.8/gems/rake-10.0.4/lib/rake/rake_test_loader.rb:9:in `each'
/Library/Ruby/Gems/1.8/gems/rake-10.0.4/lib/rake/rake_test_loader.rb:9
/Library/Ruby/Gems/1.8/gems/rake-10.0.4/lib/rake/rake_test_loader.rb:4:in `select'
/Library/Ruby/Gems/1.8/gems/rake-10.0.4/lib/rake/rake_test_loader.rb:4
Connecting to database specified by database.yml
Unable to load user, underlying cause No such file to load -- user 

 /Library/Ruby/Gems/1.8/gems/activesupport-3.2.13/lib/active_support/dependencies.rb:317:in `depend_on'
/Library/Ruby/Gems/1.8/gems/activesupport-3.2.13/lib/active_support/dependencies.rb:225:in `require_dependency'
/Library/Ruby/Gems/1.8/gems/activerecord-3.2.13/lib/active_record/fixtures.rb:767:in `try_to_load_dependency'
/Library/Ruby/Gems/1.8/gems/activerecord-3.2.13/lib/active_record/fixtures.rb:782:in `require_fixture_classes'
/Library/Ruby/Gems/1.8/gems/activerecord-3.2.13/lib/active_record/fixtures.rb:779:in `each'
/Library/Ruby/Gems/1.8/gems/activerecord-3.2.13/lib/active_record/fixtures.rb:779:in `require_fixture_classes'
/Library/Ruby/Gems/1.8/gems/activerecord-3.2.13/lib/active_record/fixtures.rb:762:in `fixtures'
./test/test_helper.rb:10
/Users/minhphuc/Downloads/Developer/github/RORR/ror/railsdoc/test/functional/top_controller_test.rb:1:in `require'
/Users/minhphuc/Downloads/Developer/github/RORR/ror/railsdoc/test/functional/top_controller_test.rb:1
/Library/Ruby/Gems/1.8/gems/rake-10.0.4/lib/rake/rake_test_loader.rb:10:in `require'
/Library/Ruby/Gems/1.8/gems/rake-10.0.4/lib/rake/rake_test_loader.rb:10
/Library/Ruby/Gems/1.8/gems/rake-10.0.4/lib/rake/rake_test_loader.rb:9:in `each'
/Library/Ruby/Gems/1.8/gems/rake-10.0.4/lib/rake/rake_test_loader.rb:9
/Library/Ruby/Gems/1.8/gems/rake-10.0.4/lib/rake/rake_test_loader.rb:4:in `select'
/Library/Ruby/Gems/1.8/gems/rake-10.0.4/lib/rake/rake_test_loader.rb:4
  [1m[36m (0.1ms)[0m  [1mbegin transaction[0m
  [1m[35mFixture Delete (0.8ms)[0m  DELETE FROM "users"
  [1m[36mFixture Insert (0.1ms)[0m  [1mINSERT INTO "users" ("password", "id", "fullname", "username") VALUES ('abcdefgh', 2, 'Nguy·ªÖn Minh Ho√†ng', 'nguyen.hoang')[0m
  [1m[35mFixture Insert (0.0ms)[0m  INSERT INTO "users" ("password", "id", "fullname", "username") VALUES (1234567890, 1, 'L∆∞∆°ng Ng·ªçc Minh Ph√∫c', 'luong.phuc')
  [1m[36m (4.7ms)[0m  [1mcommit transaction[0m
  [1m[35m (0.1ms)[0m  begin transaction
Processing by TopController#index as HTML
  Rendered top/index.html.erb within layouts/application (0.9ms)
  Rendered layouts/_menu.html.erb (0.4ms)
  Rendered layouts/_banner.html.erb (0.2ms)
  Rendered layouts/_footer.html.erb (0.3ms)
Completed 200 OK in 11ms (Views: 10.4ms | ActiveRecord: 0.0ms)
  [1m[36m (0.1ms)[0m  [1mrollback transaction[0m
Connecting to database specified by database.yml
Unable to load user, underlying cause No such file to load -- user 

 /Library/Ruby/Gems/1.8/gems/activesupport-3.2.13/lib/active_support/dependencies.rb:317:in `depend_on'
/Library/Ruby/Gems/1.8/gems/activesupport-3.2.13/lib/active_support/dependencies.rb:225:in `require_dependency'
/Library/Ruby/Gems/1.8/gems/activerecord-3.2.13/lib/active_record/fixtures.rb:767:in `try_to_load_dependency'
/Library/Ruby/Gems/1.8/gems/activerecord-3.2.13/lib/active_record/fixtures.rb:782:in `require_fixture_classes'
/Library/Ruby/Gems/1.8/gems/activerecord-3.2.13/lib/active_record/fixtures.rb:779:in `each'
/Library/Ruby/Gems/1.8/gems/activerecord-3.2.13/lib/active_record/fixtures.rb:779:in `require_fixture_classes'
/Library/Ruby/Gems/1.8/gems/activerecord-3.2.13/lib/active_record/fixtures.rb:762:in `fixtures'
./test/test_helper.rb:10
/Users/minhphuc/Downloads/Developer/github/RORR/ror/railsdoc/test/unit/helpers/top_helper_test.rb:1:in `require'
/Users/minhphuc/Downloads/Developer/github/RORR/ror/railsdoc/test/unit/helpers/top_helper_test.rb:1
/Library/Ruby/Gems/1.8/gems/rake-10.0.4/lib/rake/rake_test_loader.rb:10:in `require'
/Library/Ruby/Gems/1.8/gems/rake-10.0.4/lib/rake/rake_test_loader.rb:10
/Library/Ruby/Gems/1.8/gems/rake-10.0.4/lib/rake/rake_test_loader.rb:9:in `each'
/Library/Ruby/Gems/1.8/gems/rake-10.0.4/lib/rake/rake_test_loader.rb:9
/Library/Ruby/Gems/1.8/gems/rake-10.0.4/lib/rake/rake_test_loader.rb:4:in `select'
/Library/Ruby/Gems/1.8/gems/rake-10.0.4/lib/rake/rake_test_loader.rb:4
Connecting to database specified by database.yml
Unable to load user, underlying cause No such file to load -- user 

 /Library/Ruby/Gems/1.8/gems/activesupport-3.2.13/lib/active_support/dependencies.rb:317:in `depend_on'
/Library/Ruby/Gems/1.8/gems/activesupport-3.2.13/lib/active_support/dependencies.rb:225:in `require_dependency'
/Library/Ruby/Gems/1.8/gems/activerecord-3.2.13/lib/active_record/fixtures.rb:767:in `try_to_load_dependency'
/Library/Ruby/Gems/1.8/gems/activerecord-3.2.13/lib/active_record/fixtures.rb:782:in `require_fixture_classes'
/Library/Ruby/Gems/1.8/gems/activerecord-3.2.13/lib/active_record/fixtures.rb:779:in `each'
/Library/Ruby/Gems/1.8/gems/activerecord-3.2.13/lib/active_record/fixtures.rb:779:in `require_fixture_classes'
/Library/Ruby/Gems/1.8/gems/activerecord-3.2.13/lib/active_record/fixtures.rb:762:in `fixtures'
./test/test_helper.rb:10
/Users/minhphuc/Downloads/Developer/github/RORR/ror/railsdoc/test/functional/top_controller_test.rb:1:in `require'
/Users/minhphuc/Downloads/Developer/github/RORR/ror/railsdoc/test/functional/top_controller_test.rb:1
/Library/Ruby/Gems/1.8/gems/rake-10.0.4/lib/rake/rake_test_loader.rb:10:in `require'
/Library/Ruby/Gems/1.8/gems/rake-10.0.4/lib/rake/rake_test_loader.rb:10
/Library/Ruby/Gems/1.8/gems/rake-10.0.4/lib/rake/rake_test_loader.rb:9:in `each'
/Library/Ruby/Gems/1.8/gems/rake-10.0.4/lib/rake/rake_test_loader.rb:9
/Library/Ruby/Gems/1.8/gems/rake-10.0.4/lib/rake/rake_test_loader.rb:4:in `select'
/Library/Ruby/Gems/1.8/gems/rake-10.0.4/lib/rake/rake_test_loader.rb:4
  [1m[36m (0.1ms)[0m  [1mbegin transaction[0m
  [1m[35mFixture Delete (0.7ms)[0m  DELETE FROM "users"
  [1m[36mFixture Insert (0.1ms)[0m  [1mINSERT INTO "users" ("password", "fullname", "id", "username") VALUES ('abcdefgh', 'Nguy·ªÖn Minh Ho√†ng', 2, 'nguyen.hoang')[0m
  [1m[35mFixture Insert (0.0ms)[0m  INSERT INTO "users" ("password", "fullname", "id", "username") VALUES (1234567890, 'L∆∞∆°ng Ng·ªçc Minh Ph√∫c', 1, 'luong.phuc')
  [1m[36m (3.7ms)[0m  [1mcommit transaction[0m
  [1m[35m (0.1ms)[0m  begin transaction
Processing by TopController#index as HTML
  Rendered top/index.html.erb within layouts/application (1.5ms)
  Rendered layouts/_menu.html.erb (0.5ms)
  Rendered layouts/_banner.html.erb (0.9ms)
  Rendered layouts/_footer.html.erb (0.3ms)
Completed 200 OK in 15ms (Views: 14.5ms | ActiveRecord: 0.0ms)
  [1m[36m (0.1ms)[0m  [1mrollback transaction[0m
Connecting to database specified by database.yml
  [1m[36m (0.1ms)[0m  [1mbegin transaction[0m
  [1m[35m (0.1ms)[0m  SAVEPOINT active_record_1
  [1m[36mUsers Exists (0.1ms)[0m  [1mSELECT 1 AS one FROM "users" WHERE "users"."username" = 'Lindeman' LIMIT 1[0m
  [1m[35m (0.0ms)[0m  ROLLBACK TO SAVEPOINT active_record_1
  [1m[36m (0.0ms)[0m  [1mrollback transaction[0m
Connecting to database specified by database.yml
  [1m[36m (0.1ms)[0m  [1mbegin transaction[0m
  [1m[35m (0.0ms)[0m  SAVEPOINT active_record_1
  [1m[36mUsers Exists (0.1ms)[0m  [1mSELECT 1 AS one FROM "users" WHERE "users"."username" = 'Lindeman' LIMIT 1[0m
  [1m[35m (0.0ms)[0m  ROLLBACK TO SAVEPOINT active_record_1
  [1m[36m (0.1ms)[0m  [1mrollback transaction[0m
Connecting to database specified by database.yml
  [1m[36m (0.1ms)[0m  [1mbegin transaction[0m
  [1m[35m (0.0ms)[0m  SAVEPOINT active_record_1
  [1m[36mUsers Exists (0.1ms)[0m  [1mSELECT 1 AS one FROM "users" WHERE "users"."username" = 'Andyman' LIMIT 1[0m
  [1m[35m (0.0ms)[0m  ROLLBACK TO SAVEPOINT active_record_1
  [1m[36m (0.0ms)[0m  [1mrollback transaction[0m
Connecting to database specified by database.yml
  [1m[36m (0.1ms)[0m  [1mbegin transaction[0m
  [1m[35m (0.1ms)[0m  SAVEPOINT active_record_1
  [1m[36mUsers Exists (0.1ms)[0m  [1mSELECT 1 AS one FROM "users" WHERE "users"."username" = 'Andyman' LIMIT 1[0m
  [1m[35mSQL (0.4ms)[0m  INSERT INTO "users" ("fullname", "password", "username") VALUES (?, ?, ?)  [["fullname", "Andyman"], ["password", "DTf+pmRlirqcqRKFE7Xycw==\n"], ["username", "andyman"]]
  [1m[36m (0.0ms)[0m  [1mRELEASE SAVEPOINT active_record_1[0m
  [1m[35m (0.0ms)[0m  SAVEPOINT active_record_1
  [1m[36mUsers Exists (0.1ms)[0m  [1mSELECT 1 AS one FROM "users" WHERE "users"."username" = 'Lindeman' LIMIT 1[0m
  [1m[35mSQL (0.2ms)[0m  INSERT INTO "users" ("fullname", "password", "username") VALUES (?, ?, ?)  [["fullname", "Lindeman"], ["password", "DTf+pmRlirqcqRKFE7Xycw==\n"], ["username", "lindeman"]]
  [1m[36m (0.0ms)[0m  [1mRELEASE SAVEPOINT active_record_1[0m
  [1m[35m (1.3ms)[0m  rollback transaction
